<?xml version="1.0" encoding="UTF-8"?>
<testng-results ignored="0" total="2" passed="2" failed="0" skipped="0">
  <reporter-output>
  </reporter-output>
  <suite started-at="2021-03-20T11:46:28Z" name="com.tests.LoginTest" finished-at="2021-03-20T11:46:44Z" duration-ms="16624">
    <groups>
    </groups>
    <test started-at="2021-03-20T11:46:28Z" name="Command line test" finished-at="2021-03-20T11:46:44Z" duration-ms="16624">
      <class name="com.tests.LoginTest">
        <test-method is-config="true" signature="setup()[pri:0, instance:com.tests.LoginTest@59d016c9]" started-at="2021-03-20T19:46:28Z" name="setup" finished-at="2021-03-20T19:46:35Z" duration-ms="7491" status="PASS">
          <reporter-output>
          </reporter-output>
        </test-method> <!-- setup -->
        <test-method signature="freeCrmTitleTest()[pri:1, instance:com.tests.LoginTest@59d016c9]" started-at="2021-03-20T19:46:35Z" name="freeCrmTitleTest" finished-at="2021-03-20T19:46:35Z" duration-ms="94" status="PASS">
          <reporter-output>
          </reporter-output>
        </test-method> <!-- freeCrmTitleTest -->
        <test-method is-config="true" signature="tearDown()[pri:0, instance:com.tests.LoginTest@59d016c9]" started-at="2021-03-20T19:46:35Z" name="tearDown" finished-at="2021-03-20T19:46:36Z" duration-ms="979" status="PASS">
          <reporter-output>
          </reporter-output>
        </test-method> <!-- tearDown -->
        <test-method is-config="true" signature="setup()[pri:0, instance:com.tests.LoginTest@59d016c9]" started-at="2021-03-20T19:46:36Z" name="setup" finished-at="2021-03-20T19:46:43Z" duration-ms="6437" status="PASS">
          <reporter-output>
          </reporter-output>
        </test-method> <!-- setup -->
        <test-method signature="freemCRMLogoTest()[pri:2, instance:com.tests.LoginTest@59d016c9]" started-at="2021-03-20T19:46:43Z" name="freemCRMLogoTest" finished-at="2021-03-20T19:46:43Z" duration-ms="279" status="PASS">
          <reporter-output>
          </reporter-output>
        </test-method> <!-- freemCRMLogoTest -->
        <test-method is-config="true" signature="tearDown()[pri:0, instance:com.tests.LoginTest@59d016c9]" started-at="2021-03-20T19:46:43Z" name="tearDown" finished-at="2021-03-20T19:46:44Z" duration-ms="1317" status="PASS">
          <reporter-output>
          </reporter-output>
        </test-method> <!-- tearDown -->
      </class> <!-- com.tests.LoginTest -->
    </test> <!-- Command line test -->
  </suite> <!-- com.tests.LoginTest -->
</testng-results>
